<?xml version="1.0"?><coverage lines-covered="6592" lines-valid="8421" line-rate="0.7828048925305783" branches-covered="0" branches-valid="0" branch-rate="0" complexity="0" version="1.9" timestamp="1790363622"><sources><source>/var/tmp/nanna-coder-sdlc-shadow</source></sources><packages><package name="harness/src/bin" line-rate="0" branch-rate="0" complexity="0"><classes></classes></package><package name="harness/src/entities/test" line-rate="0" branch-rate="0" complexity="0"><classes><class name="types" filename="harness/src/entities/test/types.rs" line-rate="0" branch-rate="0" complexity="0"><methods/><lines><line number="20" hits="0"/><line number="24" hits="0"/><line number="28" hits="0"/><line number="29" hits="0"/><line number="30" hits="0"/><line number="35" hits="0"/><line number="37" hits="0"/><line number="43" hits="0"/><line number="44" hits="0"/></lines></class></classes></package><package name="harness/src" line-rate="0.839225370418508" branch-rate="0" complexity="0"><classes><class name="backlog" filename="harness/src/backlog.rs" line-rate="1" branch-rate="0" complexity="0"><methods/><lines><line number="148" hits="1"/><line number="149" hits="1"/><line number="151" hits="2"/><line number="152" hits="1"/><line number="153" hits="2"/><line number="159" hits="1"/><line number="160" hits="1"/><line number="161" hits="1"/><line number="208" hits="1"/><line number="213" hits="2"/><line number="214" hits="4"/><line number="216" hits="1"/><line number="217" hits="3"/><line number="218" hits="2"/><line number="220" hits="1"/><line number="221" hits="3"/><line number="222" hits="5"/><line number="223" hits="3"/><line number="224" hits="4"/><line number="225" hits="6"/><line number="226" hits="2"/><line number="227" hits="4"/><line number="229" hits="3"/><line number="230" hits="3"/><line number="231" hits="1"/><line number="233" hits="2"/><line number="235" hits="1"/><line number="236" hits="1"/><line number="238" hits="1"/><line number="239" hits="2"/><line number="242" hits="2"/><line number="243" hits="2"/><line number="246" hits="2"/><line number="247" hits="3"/><line number="248" hits="2"/><line number="252" hits="3"/><line number="253" hits="2"/><line number="254" hits="2"/><line number="255" hits="1"/><line number="256" hits="1"/><line number="258" hits="2"/><line number="259" hits="2"/><line number="260" hits="3"/><line number="261" hits="1"/><line number="262" hits="2"/><line number="263" hits="1"/><line number="266" hits="1"/><line number="279" hits="1"/><line number="280" hits="2"/><line number="281" hits="1"/><line number="287" hits="6"/><line number="288" hits="5"/><line number="290" hits="1"/><line number="291" hits="3"/><line number="292" hits="1"/><line number="293" hits="1"/><line number="294" hits="3"/><line number="295" hits="1"/><line number="296" hits="1"/><line number="298" hits="1"/><line number="301" hits="7"/><line number="302" hits="2"/><line number="303" hits="2"/><line number="304" hits="2"/><line number="305" hits="1"/><line number="316" hits="1"/><line number="323" hits="6"/><line number="324" hits="5"/><line number="326" hits="1"/><line number="327" hits="3"/><line number="328" hits="1"/><line number="329" hits="3"/><line number="330" hits="3"/><line number="331" hits="1"/><line number="332" hits="1"/><line number="334" hits="1"/><line number="337" hits="5"/><line number="338" hits="4"/><line number="339" hits="2"/><line number="340" hits="3"/><line number="341" hits="1"/><line number="358" hits="2"/><line number="360" hits="4"/><line number="361" hits="2"/><line number="367" hits="1"/><line number="368" hits="1"/><line number="371" hits="1"/><line number="376" hits="2"/><line number="377" hits="3"/><line number="379" hits="1"/><line number="380" hits="1"/><line number="381" hits="1"/><line number="382" hits="1"/><line number="383" hits="2"/><line number="384" hits="2"/><line number="386" hits="4"/><line number="387" hits="2"/><line number="388" hits="1"/><line number="389" hits="1"/><line number="390" hits="1"/><line number="391" hits="1"/><line number="394" hits="4"/><line number="397" hits="2"/><line number="403" hits="2"/><line number="404" hits="2"/><line number="405" hits="2"/><line number="406" hits="2"/><line number="407" hits="2"/><line number="408" hits="4"/><line number="409" hits="2"/><line number="410" hits="9"/><line number="411" hits="4"/><line number="412" hits="4"/><line number="413" hits="2"/><line number="414" hits="2"/><line number="416" hits="2"/><line number="422" hits="5"/><line number="427" hits="2"/><line number="428" hits="5"/><line number="429" hits="4"/><line number="432" hits="6"/><line number="433" hits="3"/><line number="434" hits="2"/><line number="435" hits="1"/><line number="436" hits="2"/><line number="438" hits="4"/></lines></class><class name="container" filename="harness/src/container.rs" line-rate="0.1377952755905512" branch-rate="0" complexity="0"><methods/><lines><line number="31" hits="1"/><line number="32" hits="1"/><line number="33" hits="1"/><line number="34" hits="1"/><line number="35" hits="1"/><line number="40" hits="1"/><line number="41" hits="2"/><line number="115" hits="1"/><line number="117" hits="1"/><line number="119" hits="1"/><line number="120" hits="1"/><line number="122" hits="1"/><line number="123" hits="1"/><line number="124" hits="1"/><line number="125" hits="1"/><line number="144" hits="1"/><line number="145" hits="1"/><line number="146" hits="0"/><line number="147" hits="0"/><line number="154" hits="1"/><line number="156" hits="2"/><line number="158" hits="1"/><line number="159" hits="1"/><line number="161" hits="4"/><line number="163" hits="1"/><line number="167" hits="0"/><line number="169" hits="0"/><line number="170" hits="0"/><line number="172" hits="0"/><line number="174" hits="0"/><line number="177" hits="0"/><line number="181" hits="1"/><line number="185" hits="1"/><line number="186" hits="1"/><line number="189" hits="0"/><line number="190" hits="0"/><line number="192" hits="0"/><line number="193" hits="0"/><line number="196" hits="0"/><line number="200" hits="1"/><line number="204" hits="1"/><line number="205" hits="0"/><line number="208" hits="1"/><line number="209" hits="1"/><line number="210" hits="1"/><line number="211" hits="1"/><line number="215" hits="0"/><line number="216" hits="0"/><line number="218" hits="0"/><line number="221" hits="0"/><line number="222" hits="0"/><line number="223" hits="0"/><line number="224" hits="0"/><line number="226" hits="0"/><line number="230" hits="0"/><line number="233" hits="0"/><line number="234" hits="0"/><line number="236" hits="0"/><line number="237" hits="0"/><line number="240" hits="0"/><line number="242" hits="0"/><line number="243" hits="0"/><line number="246" hits="0"/><line number="248" hits="0"/><line number="250" hits="0"/><line number="251" hits="0"/><line number="253" hits="0"/><line number="254" hits="0"/><line number="255" hits="0"/><line number="256" hits="0"/><line number="259" hits="0"/><line number="260" hits="0"/><line number="262" hits="0"/><line number="263" hits="0"/><line number="264" hits="0"/><line number="267" hits="0"/><line number="268" hits="0"/><line number="269" hits="0"/><line number="270" hits="0"/><line number="274" hits="0"/><line number="276" hits="0"/><line number="277" hits="0"/><line number="278" hits="0"/><line number="280" hits="0"/><line number="281" hits="0"/><line number="282" hits="0"/><line number="285" hits="0"/><line number="286" hits="0"/><line number="287" hits="0"/><line number="288" hits="0"/><line number="292" hits="0"/><line number="293" hits="0"/><line number="295" hits="0"/><line number="296" hits="0"/><line number="301" hits="0"/><line number="306" hits="0"/><line number="309" hits="0"/><line number="311" hits="0"/><line number="312" hits="0"/><line number="316" hits="0"/><line number="317" hits="0"/><line number="321" hits="0"/><line number="322" hits="0"/><line number="324" hits="0"/><line number="325" hits="0"/><line number="328" hits="0"/><line number="332" hits="0"/><line number="333" hits="0"/><line number="336" hits="0"/><line number="340" hits="0"/><line number="344" hits="0"/><line number="348" hits="0"/><line number="349" hits="0"/><line number="350" hits="0"/><line number="351" hits="0"/><line number="353" hits="0"/><line number="354" hits="0"/><line number="355" hits="0"/><line number="358" hits="0"/><line number="359" hits="0"/><line number="360" hits="0"/><line number="361" hits="0"/><line number="363" hits="0"/><line number="370" hits="0"/><line number="371" hits="0"/><line number="375" hits="0"/><line number="376" hits="0"/><line number="380" hits="0"/><line number="381" hits="0"/><line number="385" hits="0"/><line number="386" hits="0"/><line number="390" hits="0"/><line number="391" hits="0"/><line number="395" hits="0"/><line number="398" hits="0"/><line number="401" hits="0"/><line number="402" hits="0"/><line number="404" hits="0"/><line number="405" hits="0"/><line number="406" hits="0"/><line number="409" hits="0"/><line number="410" hits="0"/><line number="411" hits="0"/><line number="412" hits="0"/><line number="417" hits="0"/><line number="418" hits="0"/><line number="421" hits="0"/><line number="422" hits="0"/><line number="423" hits="0"/><line number="429" hits="0"/><line number="430" hits="0"/><line number="431" hits="0"/><line number="432" hits="0"/><line number="433" hits="0"/><line number="436" hits="0"/><line number="438" hits="0"/><line number="439" hits="0"/><line number="440" hits="0"/><line number="442" hits="0"/><line number="443" hits="0"/><line number="446" hits="0"/><line number="447" hits="0"/><line number="448" hits="0"/><line number="451" hits="0"/><line number="453" hits="0"/><line number="454" hits="0"/><line number="455" hits="0"/><line number="458" hits="0"/><line number="459" hits="0"/><line number="460" hits="0"/><line number="464" hits="0"/><line number="465" hits="0"/><line number="468" hits="0"/><line number="469" hits="0"/><line number="477" hits="0"/><line number="479" hits="0"/><line number="480" hits="0"/><line number="481" hits="0"/><line number="488" hits="0"/><line number="493" hits="0"/><line number="497" hits="0"/><line number="498" hits="0"/><line number="501" hits="0"/><line number="502" hits="0"/><line number="503" hits="0"/><line number="504" hits="0"/><line number="508" hits="0"/><line number="509" hits="0"/><line number="512" hits="0"/><line number="513" hits="0"/><line number="516" hits="0"/><line number="521" hits="0"/><line number="522" hits="0"/><line number="523" hits="0"/><line number="531" hits="0"/><line number="532" hits="0"/><line number="533" hits="0"/><line number="536" hits="0"/><line number="537" hits="0"/><line number="539" hits="0"/><line number="540" hits="0"/><line number="541" hits="0"/><line number="544" hits="0"/><line number="545" hits="0"/><line number="546" hits="0"/><line number="547" hits="0"/><line number="551" hits="0"/><line number="552" hits="0"/><line number="555" hits="1"/><line number="560" hits="1"/><line number="561" hits="1"/><line number="564" hits="0"/><line number="565" hits="0"/><line number="567" hits="0"/><line number="568" hits="0"/><line number="571" hits="0"/><line number="572" hits="0"/><line number="574" hits="0"/><line number="575" hits="0"/><line number="577" hits="0"/><line number="583" hits="0"/><line number="584" hits="0"/><line number="585" hits="0"/><line number="586" hits="0"/><line number="601" hits="0"/><line number="602" hits="0"/><line number="603" hits="0"/><line number="604" hits="0"/><line number="605" hits="0"/><line number="610" hits="0"/><line number="615" hits="0"/><line number="616" hits="0"/><line number="617" hits="0"/><line number="618" hits="0"/><line number="619" hits="0"/><line number="620" hits="0"/><line number="623" hits="0"/><line number="627" hits="0"/><line number="629" hits="0"/><line number="630" hits="0"/><line number="632" hits="0"/><line number="634" hits="0"/><line number="636" hits="0"/><line number="638" hits="0"/><line number="642" hits="0"/><line number="643" hits="0"/><line number="644" hits="0"/><line number="646" hits="0"/><line number="647" hits="0"/><line number="649" hits="0"/><line number="650" hits="0"/><line number="653" hits="0"/><line number="656" hits="0"/><line number="657" hits="0"/></lines></class><class name="main" filename="harness/src/main.rs" line-rate="0" branch-rate="0" complexity="0"><methods/><lines><line number="713" hits="0"/><line number="714" hits="0"/><line number="715" hits="0"/><line number="717" hits="0"/><line number="718" hits="0"/><line number="719" hits="0"/><line number="721" hits="0"/><line number="723" hits="0"/><line number="726" hits="0"/><line number="727" hits="0"/><line number="729" hits="0"/><line number="730" hits="0"/><line number="731" hits="0"/><line number="733" hits="0"/><line number="734" hits="0"/><line number="737" hits="0"/><line number="738" hits="0"/><line number="739" hits="0"/><line number="742" hits="0"/><line number="745" hits="0"/><line number="746" hits="0"/><line number="748" hits="0"/><line number="749" hits="0"/><line number="750" hits="0"/><line number="753" hits="0"/><line number="754" hits="0"/><line number="756" hits="0"/><line number="757" hits="0"/><line number="760" hits="0"/><line number="761" hits="0"/><line number="762" hits="0"/><line number="763" hits="0"/><line number="764" hits="0"/><line number="765" hits="0"/><line number="768" hits="0"/><line number="769" hits="0"/><line number="770" hits="0"/><line number="771" hits="0"/><line number="773" hits="0"/><line number="775" hits="0"/><line number="776" hits="0"/><line number="777" hits="0"/><line number="778" hits="0"/><line number="779" hits="0"/><line number="780" hits="0"/><line number="783" hits="0"/><line number="784" hits="0"/><line number="785" hits="0"/><line number="786" hits="0"/><line number="787" hits="0"/><line number="788" hits="0"/><line number="793" hits="0"/><line number="794" hits="0"/><line number="797" hits="0"/><line number="798" hits="0"/><line number="802" hits="0"/></lines></class><class name="monitoring" filename="harness/src/monitoring.rs" line-rate="0.7323420074349443" branch-rate="0" complexity="0"><methods/><lines><line number="317" hits="0"/><line number="318" hits="0"/><line number="322" hits="0"/><line number="323" hits="0"/><line number="324" hits="0"/><line number="476" hits="1"/><line number="483" hits="1"/><line number="524" hits="0"/><line number="525" hits="0"/><line number="531" hits="1"/><line number="533" hits="1"/><line number="534" hits="1"/><line number="539" hits="1"/><line number="540" hits="1"/><line number="541" hits="2"/><line number="542" hits="1"/><line number="544" hits="1"/><line number="548" hits="1"/><line number="549" hits="1"/><line number="558" hits="1"/><line number="559" hits="1"/><line number="560" hits="0"/><line number="571" hits="3"/><line number="572" hits="4"/><line number="574" hits="1"/><line number="575" hits="1"/><line number="576" hits="1"/><line number="578" hits="1"/><line number="579" hits="1"/><line number="580" hits="1"/><line number="582" hits="0"/><line number="587" hits="1"/><line number="588" hits="1"/><line number="589" hits="1"/><line number="590" hits="1"/><line number="599" hits="4"/><line number="600" hits="2"/><line number="601" hits="3"/><line number="603" hits="1"/><line number="605" hits="1"/><line number="606" hits="2"/><line number="609" hits="4"/><line number="610" hits="2"/><line number="611" hits="2"/><line number="612" hits="3"/><line number="615" hits="4"/><line number="616" hits="2"/><line number="617" hits="2"/><line number="618" hits="3"/><line number="621" hits="0"/><line number="622" hits="0"/><line number="623" hits="0"/><line number="624" hits="0"/><line number="627" hits="0"/><line number="628" hits="0"/><line number="629" hits="0"/><line number="631" hits="0"/><line number="632" hits="0"/><line number="635" hits="6"/><line number="636" hits="2"/><line number="639" hits="1"/><line number="640" hits="3"/><line number="641" hits="1"/><line number="645" hits="1"/><line number="648" hits="1"/><line number="649" hits="3"/><line number="650" hits="2"/><line number="651" hits="1"/><line number="653" hits="1"/><line number="656" hits="1"/><line number="657" hits="2"/><line number="658" hits="0"/><line number="665" hits="2"/><line number="668" hits="1"/><line number="669" hits="1"/><line number="670" hits="1"/><line number="672" hits="1"/><line number="673" hits="1"/><line number="681" hits="1"/><line number="683" hits="2"/><line number="684" hits="1"/><line number="688" hits="5"/><line number="689" hits="2"/><line number="691" hits="1"/><line number="692" hits="2"/><line number="693" hits="0"/><line number="694" hits="0"/><line number="699" hits="1"/><line number="702" hits="1"/><line number="703" hits="1"/><line number="704" hits="2"/><line number="709" hits="1"/><line number="710" hits="1"/><line number="711" hits="2"/><line number="717" hits="1"/><line number="718" hits="3"/><line number="722" hits="1"/><line number="723" hits="2"/><line number="729" hits="1"/><line number="732" hits="1"/><line number="733" hits="1"/><line number="735" hits="1"/><line number="736" hits="2"/><line number="738" hits="1"/><line number="742" hits="2"/><line number="744" hits="1"/><line number="750" hits="2"/><line number="752" hits="1"/><line number="756" hits="1"/><line number="758" hits="0"/><line number="759" hits="0"/><line number="764" hits="0"/><line number="765" hits="0"/><line number="766" hits="0"/><line number="767" hits="0"/><line number="768" hits="0"/><line number="782" hits="1"/><line number="785" hits="1"/><line number="790" hits="4"/><line number="791" hits="2"/><line number="792" hits="0"/><line number="795" hits="2"/><line number="796" hits="1"/><line number="799" hits="2"/><line number="805" hits="1"/><line number="806" hits="1"/><line number="807" hits="2"/><line number="808" hits="4"/><line number="810" hits="0"/><line number="817" hits="5"/><line number="821" hits="2"/><line number="823" hits="2"/><line number="826" hits="0"/><line number="828" hits="3"/><line number="829" hits="0"/><line number="833" hits="1"/><line number="837" hits="1"/><line number="838" hits="1"/><line number="839" hits="1"/><line number="841" hits="1"/><line number="842" hits="1"/><line number="844" hits="1"/><line number="845" hits="1"/><line number="846" hits="1"/><line number="847" hits="1"/><line number="851" hits="6"/><line number="852" hits="2"/><line number="856" hits="1"/><line number="857" hits="2"/><line number="859" hits="1"/><line number="860" hits="1"/><line number="862" hits="1"/><line number="863" hits="1"/><line number="865" hits="1"/><line number="866" hits="1"/><line number="867" hits="1"/><line number="868" hits="1"/><line number="872" hits="6"/><line number="873" hits="2"/><line number="876" hits="1"/><line number="877" hits="2"/><line number="879" hits="1"/><line number="880" hits="1"/><line number="882" hits="1"/><line number="883" hits="1"/><line number="885" hits="1"/><line number="886" hits="1"/><line number="887" hits="1"/><line number="888" hits="1"/><line number="892" hits="6"/><line number="893" hits="1"/><line number="896" hits="2"/><line number="899" hits="1"/><line number="900" hits="3"/><line number="901" hits="3"/><line number="902" hits="1"/><line number="903" hits="0"/><line number="908" hits="1"/><line number="909" hits="3"/><line number="910" hits="3"/><line number="911" hits="1"/><line number="912" hits="0"/><line number="916" hits="1"/><line number="919" hits="0"/><line number="920" hits="0"/><line number="921" hits="0"/><line number="936" hits="0"/><line number="937" hits="0"/><line number="943" hits="1"/><line number="945" hits="1"/><line number="946" hits="1"/><line number="947" hits="1"/><line number="952" hits="1"/><line number="953" hits="1"/><line number="954" hits="2"/><line number="955" hits="2"/><line number="961" hits="5"/><line number="968" hits="1"/><line number="969" hits="1"/><line number="970" hits="1"/><line number="971" hits="1"/><line number="972" hits="1"/><line number="973" hits="1"/><line number="974" hits="1"/><line number="978" hits="1"/><line number="981" hits="2"/><line number="982" hits="2"/><line number="985" hits="1"/><line number="986" hits="0"/><line number="987" hits="0"/><line number="988" hits="2"/><line number="989" hits="0"/><line number="992" hits="1"/><line number="995" hits="6"/><line number="996" hits="2"/><line number="998" hits="5"/><line number="999" hits="1"/><line number="1000" hits="3"/><line number="1001" hits="1"/><line number="1003" hits="0"/><line number="1004" hits="0"/><line number="1009" hits="6"/><line number="1010" hits="2"/><line number="1011" hits="4"/><line number="1014" hits="0"/><line number="1015" hits="0"/><line number="1016" hits="0"/><line number="1019" hits="0"/><line number="1023" hits="0"/><line number="1024" hits="0"/><line number="1025" hits="0"/><line number="1043" hits="1"/><line number="1045" hits="1"/><line number="1046" hits="2"/><line number="1047" hits="2"/><line number="1053" hits="0"/><line number="1054" hits="0"/><line number="1060" hits="0"/><line number="1061" hits="0"/><line number="1064" hits="0"/><line number="1067" hits="0"/><line number="1077" hits="0"/><line number="1078" hits="0"/><line number="1082" hits="0"/><line number="1083" hits="0"/><line number="1084" hits="0"/><line number="1085" hits="0"/><line number="1090" hits="4"/><line number="1091" hits="2"/><line number="1092" hits="2"/><line number="1093" hits="2"/><line number="1095" hits="4"/><line number="1097" hits="3"/><line number="1099" hits="1"/><line number="1100" hits="0"/><line number="1102" hits="0"/><line number="1104" hits="0"/><line number="1105" hits="0"/><line number="1107" hits="0"/><line number="1109" hits="0"/><line number="1111" hits="0"/><line number="1114" hits="1"/><line number="1115" hits="1"/><line number="1116" hits="1"/><line number="1117" hits="1"/><line number="1118" hits="1"/><line number="1119" hits="1"/><line number="1140" hits="0"/><line number="1141" hits="0"/></lines></class><class name="observability" filename="harness/src/observability.rs" line-rate="0.5341880341880342" branch-rate="0" complexity="0"><methods/><lines><line number="401" hits="1"/><line number="403" hits="2"/><line number="417" hits="3"/><line number="423" hits="1"/><line number="424" hits="1"/><line number="429" hits="1"/><line number="431" hits="2"/><line number="445" hits="3"/><line number="451" hits="1"/><line number="452" hits="3"/><line number="482" hits="1"/><line number="490" hits="1"/><line number="521" hits="1"/><line number="523" hits="1"/><line number="524" hits="1"/><line number="525" hits="1"/><line number="526" hits="1"/><line number="527" hits="1"/><line number="528" hits="1"/><line number="529" hits="1"/><line number="530" hits="1"/><line number="532" hits="1"/><line number="537" hits="1"/><line number="538" hits="2"/><line number="539" hits="1"/><line number="540" hits="1"/><line number="544" hits="0"/><line number="545" hits="0"/><line number="546" hits="0"/><line number="550" hits="0"/><line number="551" hits="0"/><line number="552" hits="0"/><line number="556" hits="1"/><line number="557" hits="1"/><line number="558" hits="1"/><line number="562" hits="4"/><line number="563" hits="3"/><line number="569" hits="7"/><line number="571" hits="3"/><line number="572" hits="3"/><line number="573" hits="1"/><line number="577" hits="0"/><line number="578" hits="0"/><line number="579" hits="0"/><line number="583" hits="0"/><line number="584" hits="0"/><line number="588" hits="0"/><line number="589" hits="0"/><line number="594" hits="0"/><line number="595" hits="0"/><line number="596" hits="0"/><line number="597" hits="0"/><line number="599" hits="0"/><line number="600" hits="0"/><line number="603" hits="0"/><line number="604" hits="0"/><line number="607" hits="0"/><line number="608" hits="0"/><line number="610" hits="0"/><line number="614" hits="0"/><line number="615" hits="0"/><line number="619" hits="0"/><line number="620" hits="0"/><line number="625" hits="0"/><line number="626" hits="0"/><line number="630" hits="0"/><line number="631" hits="0"/><line number="632" hits="0"/><line number="633" hits="0"/><line number="636" hits="0"/><line number="640" hits="1"/><line number="643" hits="2"/><line number="644" hits="2"/><line number="647" hits="2"/><line number="650" hits="2"/><line number="653" hits="2"/><line number="656" hits="1"/><line number="659" hits="1"/><line number="662" hits="1"/><line number="665" hits="2"/><line number="668" hits="1"/><line number="670" hits="1"/><line number="676" hits="1"/><line number="679" hits="1"/><line number="682" hits="1"/><line number="683" hits="1"/><line number="685" hits="1"/><line number="689" hits="1"/><line number="692" hits="4"/><line number="696" hits="3"/><line number="697" hits="1"/><line number="699" hits="4"/><line number="701" hits="2"/><line number="702" hits="1"/><line number="703" hits="1"/><line number="709" hits="1"/><line number="710" hits="1"/><line number="711" hits="1"/><line number="712" hits="1"/><line number="713" hits="1"/><line number="714" hits="2"/><line number="715" hits="1"/><line number="718" hits="1"/><line number="721" hits="1"/><line number="725" hits="1"/><line number="730" hits="3"/><line number="733" hits="1"/><line number="735" hits="0"/><line number="737" hits="1"/><line number="740" hits="2"/><line number="742" hits="0"/><line number="744" hits="1"/><line number="747" hits="2"/><line number="749" hits="1"/><line number="751" hits="1"/><line number="755" hits="1"/><line number="756" hits="1"/><line number="757" hits="0"/><line number="759" hits="1"/><line number="760" hits="0"/><line number="762" hits="2"/><line number="763" hits="1"/><line number="766" hits="1"/><line number="767" hits="1"/><line number="769" hits="1"/><line number="771" hits="1"/><line number="772" hits="1"/><line number="777" hits="4"/><line number="779" hits="2"/><line number="780" hits="1"/><line number="782" hits="0"/><line number="785" hits="1"/><line number="787" hits="1"/><line number="789" hits="1"/><line number="790" hits="1"/><line number="791" hits="1"/><line number="792" hits="1"/><line number="793" hits="1"/><line number="800" hits="1"/><line number="804" hits="1"/><line number="805" hits="1"/><line number="807" hits="1"/><line number="808" hits="1"/><line number="809" hits="1"/><line number="810" hits="1"/><line number="812" hits="1"/><line number="815" hits="1"/><line number="817" hits="1"/><line number="818" hits="1"/><line number="819" hits="1"/><line number="820" hits="1"/><line number="822" hits="1"/><line number="827" hits="1"/><line number="828" hits="1"/><line number="829" hits="1"/><line number="831" hits="1"/><line number="834" hits="1"/><line number="835" hits="1"/><line number="836" hits="1"/><line number="841" hits="1"/><line number="842" hits="1"/><line number="852" hits="1"/><line number="856" hits="1"/><line number="858" hits="3"/><line number="859" hits="0"/><line number="860" hits="0"/><line number="861" hits="0"/><line number="864" hits="0"/><line number="865" hits="0"/><line number="866" hits="0"/><line number="867" hits="0"/><line number="868" hits="0"/><line number="869" hits="0"/><line number="873" hits="0"/><line number="877" hits="0"/><line number="880" hits="1"/><line number="884" hits="0"/><line number="885" hits="0"/><line number="886" hits="0"/><line number="887" hits="0"/><line number="888" hits="0"/><line number="889" hits="0"/><line number="890" hits="0"/><line number="891" hits="0"/><line number="892" hits="0"/><line number="894" hits="0"/><line number="899" hits="0"/><line number="904" hits="0"/><line number="905" hits="0"/><line number="906" hits="0"/><line number="907" hits="0"/><line number="908" hits="0"/><line number="912" hits="0"/><line number="913" hits="0"/><line number="914" hits="0"/><line number="915" hits="0"/><line number="919" hits="0"/><line number="923" hits="0"/><line number="928" hits="0"/><line number="929" hits="0"/><line number="930" hits="0"/><line number="931" hits="0"/><line number="932" hits="0"/><line number="934" hits="0"/><line number="935" hits="0"/><line number="936" hits="0"/><line number="937" hits="0"/><line number="939" hits="0"/><line number="940" hits="0"/><line number="941" hits="0"/><line number="942" hits="0"/><line number="944" hits="0"/><line number="945" hits="0"/><line number="946" hits="0"/><line number="947" hits="0"/><line number="953" hits="0"/><line number="959" hits="0"/><line number="963" hits="0"/><line number="965" hits="0"/><line number="968" hits="0"/><line number="971" hits="0"/><line number="972" hits="0"/><line number="973" hits="0"/><line number="977" hits="0"/><line number="981" hits="0"/><line number="983" hits="0"/><line number="984" hits="0"/><line number="988" hits="0"/><line number="990" hits="0"/><line number="991" hits="0"/><line number="995" hits="0"/><line number="996" hits="0"/><line number="1001" hits="0"/><line number="1002" hits="0"/></lines></class><class name="pod" filename="harness/src/pod.rs" line-rate="1" branch-rate="0" complexity="0"><methods/><lines><line number="37" hits="1"/><line number="40" hits="1"/><line number="50" hits="1"/><line number="51" hits="1"/><line number="53" hits="1"/><line number="59" hits="1"/><line number="60" hits="1"/><line number="108" hits="1"/><line number="109" hits="3"/><line number="113" hits="1"/><line number="114" hits="1"/><line number="115" hits="2"/><line number="122" hits="4"/><line number="123" hits="3"/><line number="124" hits="1"/><line number="125" hits="1"/><line number="128" hits="5"/><line number="136" hits="1"/><line number="140" hits="2"/><line number="141" hits="2"/><line number="142" hits="1"/><line number="145" hits="1"/><line number="146" hits="1"/><line number="147" hits="1"/><line number="148" hits="2"/><line number="151" hits="2"/><line number="152" hits="2"/><line number="153" hits="1"/><line number="154" hits="1"/><line number="155" hits="2"/><line number="159" hits="1"/><line number="162" hits="5"/><line number="163" hits="2"/><line number="165" hits="4"/><line number="166" hits="1"/><line number="168" hits="2"/><line number="169" hits="1"/><line number="170" hits="1"/><line number="171" hits="1"/><line number="174" hits="4"/><line number="182" hits="1"/><line number="183" hits="1"/><line number="184" hits="1"/><line number="186" hits="1"/><line number="187" hits="1"/><line number="189" hits="1"/><line number="192" hits="1"/><line number="193" hits="1"/><line number="194" hits="1"/><line number="195" hits="1"/><line number="204" hits="4"/><line number="205" hits="3"/><line number="208" hits="1"/><line number="212" hits="2"/><line number="213" hits="3"/><line number="214" hits="1"/><line number="216" hits="3"/><line number="217" hits="3"/><line number="218" hits="1"/><line number="221" hits="1"/><line number="222" hits="6"/><line number="223" hits="1"/><line number="225" hits="1"/><line number="230" hits="6"/><line number="231" hits="1"/><line number="233" hits="4"/><line number="234" hits="4"/><line number="235" hits="2"/><line number="236" hits="1"/><line number="238" hits="1"/><line number="239" hits="1"/><line number="240" hits="2"/><line number="241" hits="1"/><line number="242" hits="2"/><line number="246" hits="1"/><line number="247" hits="1"/><line number="248" hits="1"/><line number="250" hits="4"/><line number="251" hits="2"/><line number="252" hits="1"/></lines></class><class name="task" filename="harness/src/task.rs" line-rate="0.9822485207100592" branch-rate="0" complexity="0"><methods/><lines><line number="38" hits="1"/><line number="39" hits="2"/><line number="40" hits="1"/><line number="41" hits="1"/><line number="47" hits="1"/><line number="50" hits="1"/><line number="53" hits="1"/><line number="54" hits="1"/><line number="55" hits="3"/><line number="59" hits="1"/><line number="71" hits="1"/><line number="72" hits="1"/><line number="77" hits="0"/><line number="78" hits="0"/><line number="83" hits="1"/><line number="84" hits="1"/><line number="100" hits="1"/><line number="101" hits="1"/><line number="125" hits="1"/><line number="126" hits="1"/><line number="168" hits="1"/><line number="169" hits="1"/><line number="170" hits="1"/><line number="248" hits="1"/><line number="251" hits="1"/><line number="252" hits="2"/><line number="253" hits="2"/><line number="261" hits="1"/><line number="267" hits="1"/><line number="277" hits="1"/><line number="284" hits="3"/><line number="285" hits="4"/><line number="286" hits="3"/><line number="287" hits="1"/><line number="289" hits="2"/><line number="290" hits="3"/><line number="291" hits="3"/><line number="293" hits="1"/><line number="294" hits="1"/><line number="297" hits="1"/><line number="304" hits="2"/><line number="305" hits="2"/><line number="306" hits="2"/><line number="307" hits="2"/><line number="308" hits="2"/><line number="309" hits="2"/><line number="310" hits="2"/><line number="311" hits="1"/><line number="312" hits="1"/><line number="314" hits="2"/><line number="316" hits="1"/><line number="321" hits="4"/><line number="322" hits="2"/><line number="327" hits="1"/><line number="328" hits="1"/><line number="332" hits="1"/><line number="333" hits="1"/><line number="336" hits="1"/><line number="341" hits="4"/><line number="343" hits="3"/><line number="344" hits="0"/><line number="345" hits="0"/><line number="347" hits="4"/><line number="354" hits="5"/><line number="363" hits="10"/><line number="367" hits="10"/><line number="368" hits="15"/><line number="369" hits="6"/><line number="375" hits="0"/><line number="376" hits="3"/><line number="378" hits="3"/><line number="379" hits="3"/><line number="380" hits="9"/><line number="383" hits="6"/><line number="388" hits="6"/><line number="389" hits="9"/><line number="390" hits="0"/><line number="394" hits="3"/><line number="395" hits="18"/><line number="396" hits="10"/><line number="397" hits="3"/><line number="398" hits="5"/><line number="399" hits="1"/><line number="400" hits="2"/><line number="401" hits="4"/><line number="402" hits="2"/><line number="407" hits="2"/><line number="408" hits="2"/><line number="413" hits="1"/><line number="414" hits="2"/><line number="416" hits="1"/><line number="420" hits="1"/><line number="429" hits="3"/><line number="430" hits="1"/><line number="431" hits="1"/><line number="433" hits="3"/><line number="442" hits="1"/><line number="447" hits="1"/><line number="448" hits="2"/><line number="449" hits="1"/><line number="450" hits="2"/><line number="451" hits="1"/><line number="452" hits="2"/><line number="454" hits="1"/><line number="457" hits="4"/><line number="458" hits="2"/><line number="459" hits="2"/><line number="460" hits="1"/><line number="462" hits="1"/><line number="463" hits="2"/><line number="464" hits="3"/><line number="465" hits="2"/><line number="466" hits="1"/><line number="467" hits="1"/><line number="473" hits="1"/><line number="476" hits="4"/><line number="477" hits="2"/><line number="478" hits="3"/><line number="479" hits="2"/><line number="480" hits="1"/><line number="482" hits="1"/><line number="487" hits="4"/><line number="488" hits="2"/><line number="489" hits="2"/><line number="495" hits="4"/><line number="496" hits="6"/><line number="497" hits="2"/><line number="498" hits="3"/><line number="499" hits="2"/><line number="502" hits="1"/><line number="503" hits="2"/><line number="504" hits="1"/><line number="505" hits="1"/><line number="507" hits="1"/><line number="508" hits="1"/><line number="512" hits="1"/><line number="513" hits="4"/><line number="514" hits="1"/><line number="515" hits="4"/><line number="517" hits="1"/><line number="518" hits="2"/><line number="524" hits="1"/><line number="525" hits="1"/><line number="527" hits="1"/><line number="529" hits="1"/><line number="530" hits="1"/><line number="532" hits="2"/><line number="536" hits="1"/><line number="537" hits="2"/><line number="538" hits="2"/><line number="542" hits="1"/><line number="548" hits="4"/><line number="549" hits="2"/><line number="550" hits="3"/><line number="551" hits="1"/><line number="560" hits="5"/><line number="562" hits="2"/><line number="563" hits="2"/><line number="567" hits="2"/><line number="568" hits="2"/><line number="569" hits="2"/><line number="576" hits="4"/><line number="577" hits="2"/><line number="578" hits="4"/><line number="585" hits="1"/><line number="586" hits="1"/><line number="591" hits="1"/><line number="592" hits="1"/><line number="593" hits="1"/><line number="594" hits="4"/><line number="601" hits="4"/><line number="603" hits="1"/><line number="604" hits="1"/><line number="605" hits="1"/><line number="606" hits="1"/><line number="607" hits="1"/><line number="609" hits="1"/><line number="610" hits="1"/><line number="612" hits="1"/><line number="613" hits="1"/><line number="614" hits="1"/><line number="616" hits="2"/><line number="617" hits="1"/><line number="618" hits="4"/><line number="620" hits="3"/><line number="621" hits="1"/><line number="622" hits="3"/><line number="623" hits="5"/><line number="625" hits="3"/><line number="626" hits="2"/><line number="634" hits="4"/><line number="636" hits="2"/><line number="637" hits="3"/><line number="638" hits="2"/><line number="639" hits="1"/><line number="642" hits="1"/><line number="643" hits="1"/><line number="645" hits="2"/><line number="646" hits="3"/><line number="647" hits="2"/><line number="653" hits="1"/><line number="654" hits="1"/><line number="655" hits="1"/><line number="656" hits="2"/><line number="657" hits="3"/><line number="660" hits="1"/><line number="661" hits="3"/><line number="667" hits="1"/><line number="668" hits="2"/><line number="669" hits="3"/><line number="671" hits="1"/><line number="675" hits="4"/><line number="676" hits="2"/><line number="677" hits="3"/><line number="678" hits="1"/><line number="679" hits="1"/><line number="680" hits="1"/><line number="681" hits="1"/><line number="682" hits="1"/><line number="683" hits="1"/><line number="685" hits="1"/><line number="686" hits="1"/><line number="687" hits="1"/><line number="688" hits="1"/><line number="689" hits="1"/><line number="693" hits="2"/><line number="696" hits="8"/><line number="697" hits="1"/><line number="699" hits="2"/><line number="700" hits="3"/><line number="701" hits="1"/><line number="702" hits="4"/><line number="704" hits="1"/><line number="705" hits="3"/><line number="706" hits="1"/><line number="707" hits="1"/><line number="710" hits="2"/><line number="711" hits="1"/><line number="713" hits="1"/><line number="719" hits="2"/><line number="720" hits="7"/><line number="722" hits="3"/><line number="723" hits="3"/><line number="728" hits="5"/><line number="729" hits="4"/><line number="730" hits="1"/><line number="731" hits="6"/><line number="732" hits="4"/><line number="733" hits="1"/><line number="735" hits="3"/><line number="736" hits="1"/><line number="737" hits="1"/><line number="738" hits="1"/><line number="742" hits="2"/><line number="744" hits="1"/><line number="746" hits="2"/><line number="747" hits="1"/><line number="748" hits="1"/><line number="750" hits="4"/><line number="751" hits="1"/><line number="752" hits="1"/><line number="753" hits="1"/><line number="754" hits="2"/><line number="759" hits="1"/><line number="760" hits="1"/><line number="761" hits="1"/><line number="762" hits="1"/><line number="764" hits="3"/><line number="765" hits="3"/><line number="767" hits="3"/><line number="768" hits="3"/><line number="771" hits="1"/><line number="772" hits="1"/><line number="773" hits="1"/><line number="774" hits="2"/><line number="779" hits="2"/><line number="780" hits="1"/><line number="782" hits="1"/><line number="784" hits="2"/><line number="785" hits="1"/><line number="788" hits="1"/><line number="789" hits="2"/><line number="790" hits="1"/><line number="793" hits="1"/><line number="794" hits="2"/><line number="795" hits="3"/><line number="797" hits="2"/><line number="799" hits="2"/><line number="801" hits="2"/><line number="803" hits="1"/><line number="805" hits="1"/><line number="806" hits="1"/><line number="807" hits="2"/><line number="809" hits="1"/><line number="813" hits="1"/><line number="814" hits="1"/><line number="815" hits="1"/><line number="817" hits="3"/><line number="818" hits="1"/><line number="819" hits="1"/><line number="820" hits="1"/><line number="821" hits="1"/><line number="824" hits="2"/><line number="826" hits="1"/><line number="827" hits="1"/><line number="828" hits="1"/><line number="830" hits="2"/><line number="831" hits="2"/><line number="832" hits="2"/><line number="833" hits="2"/><line number="835" hits="2"/><line number="841" hits="1"/><line number="843" hits="3"/><line number="844" hits="1"/><line number="845" hits="1"/><line number="846" hits="1"/><line number="847" hits="1"/><line number="848" hits="1"/><line number="851" hits="2"/><line number="857" hits="1"/><line number="858" hits="2"/><line number="862" hits="1"/><line number="863" hits="1"/><line number="864" hits="1"/><line number="865" hits="1"/><line number="866" hits="1"/><line number="871" hits="1"/><line number="872" hits="3"/><line number="873" hits="1"/><line number="874" hits="4"/><line number="875" hits="2"/><line number="877" hits="1"/><line number="881" hits="1"/><line number="882" hits="1"/><line number="883" hits="1"/><line number="885" hits="1"/><line number="886" hits="3"/><line number="887" hits="3"/></lines></class><class name="telemetry" filename="harness/src/telemetry.rs" line-rate="0.5201465201465202" branch-rate="0" complexity="0"><methods/><lines><line number="140" hits="1"/><line number="142" hits="1"/><line number="152" hits="1"/><line number="153" hits="1"/><line number="155" hits="1"/><line number="161" hits="1"/><line number="206" hits="1"/><line number="208" hits="1"/><line number="209" hits="2"/><line number="211" hits="1"/><line number="212" hits="1"/><line number="214" hits="1"/><line number="221" hits="1"/><line number="223" hits="1"/><line number="224" hits="2"/><line number="225" hits="2"/><line number="226" hits="1"/><line number="227" hits="1"/><line number="229" hits="1"/><line number="236" hits="0"/><line number="237" hits="0"/><line number="238" hits="0"/><line number="242" hits="0"/><line number="243" hits="0"/><line number="247" hits="1"/><line number="248" hits="2"/><line number="249" hits="2"/><line number="250" hits="1"/><line number="254" hits="1"/><line number="255" hits="1"/><line number="256" hits="1"/><line number="257" hits="1"/><line number="258" hits="1"/><line number="259" hits="2"/><line number="260" hits="1"/><line number="261" hits="1"/><line number="264" hits="2"/><line number="265" hits="1"/><line number="349" hits="1"/><line number="352" hits="2"/><line number="357" hits="4"/><line number="359" hits="2"/><line number="360" hits="2"/><line number="363" hits="1"/><line number="365" hits="3"/><line number="367" hits="2"/><line number="368" hits="2"/><line number="372" hits="1"/><line number="373" hits="1"/><line number="374" hits="0"/><line number="375" hits="0"/><line number="376" hits="0"/><line number="378" hits="1"/><line number="381" hits="1"/><line number="382" hits="0"/><line number="384" hits="1"/><line number="387" hits="3"/><line number="389" hits="2"/><line number="392" hits="2"/><line number="395" hits="1"/><line number="399" hits="1"/><line number="400" hits="2"/><line number="401" hits="2"/><line number="405" hits="0"/><line number="406" hits="0"/><line number="407" hits="0"/><line number="413" hits="0"/><line number="415" hits="0"/><line number="416" hits="0"/><line number="417" hits="0"/><line number="418" hits="0"/><line number="419" hits="0"/><line number="422" hits="0"/><line number="424" hits="0"/><line number="425" hits="0"/><line number="427" hits="0"/><line number="428" hits="0"/><line number="431" hits="0"/><line number="435" hits="0"/><line number="438" hits="0"/><line number="439" hits="0"/><line number="440" hits="0"/><line number="442" hits="0"/><line number="445" hits="0"/><line number="447" hits="0"/><line number="448" hits="0"/><line number="449" hits="0"/><line number="450" hits="0"/><line number="453" hits="0"/><line number="456" hits="0"/><line number="459" hits="0"/><line number="462" hits="0"/><line number="465" hits="0"/><line number="468" hits="0"/><line number="470" hits="0"/><line number="474" hits="0"/><line number="476" hits="0"/><line number="478" hits="0"/><line number="479" hits="0"/><line number="480" hits="0"/><line number="482" hits="0"/><line number="485" hits="0"/><line number="486" hits="0"/><line number="487" hits="0"/><line number="490" hits="0"/><line number="492" hits="0"/><line number="494" hits="0"/><line number="495" hits="0"/><line number="496" hits="0"/><line number="498" hits="0"/><line number="501" hits="0"/><line number="503" hits="0"/><line number="506" hits="0"/><line number="507" hits="0"/><line number="509" hits="0"/><line number="514" hits="0"/><line number="516" hits="0"/><line number="518" hits="0"/><line number="519" hits="0"/><line number="520" hits="0"/><line number="522" hits="0"/><line number="524" hits="0"/><line number="527" hits="0"/><line number="529" hits="0"/><line number="553" hits="1"/><line number="555" hits="1"/><line number="556" hits="2"/><line number="557" hits="2"/><line number="558" hits="2"/><line number="559" hits="1"/><line number="561" hits="1"/><line number="566" hits="1"/><line number="567" hits="2"/><line number="568" hits="1"/><line number="572" hits="1"/><line number="573" hits="2"/><line number="574" hits="1"/><line number="578" hits="1"/><line number="579" hits="2"/><line number="580" hits="1"/><line number="584" hits="0"/><line number="585" hits="0"/><line number="587" hits="0"/><line number="588" hits="0"/><line number="592" hits="0"/><line number="593" hits="0"/><line number="594" hits="0"/><line number="598" hits="0"/><line number="599" hits="0"/><line number="600" hits="0"/><line number="604" hits="4"/><line number="605" hits="1"/><line number="606" hits="0"/><line number="610" hits="1"/><line number="611" hits="1"/><line number="612" hits="3"/><line number="614" hits="1"/><line number="615" hits="1"/><line number="622" hits="3"/><line number="623" hits="1"/><line number="624" hits="1"/><line number="630" hits="0"/><line number="631" hits="0"/><line number="632" hits="0"/><line number="635" hits="0"/><line number="636" hits="0"/><line number="641" hits="0"/><line number="645" hits="1"/><line number="646" hits="1"/><line number="649" hits="2"/><line number="650" hits="0"/><line number="654" hits="2"/><line number="656" hits="2"/><line number="657" hits="2"/><line number="658" hits="1"/><line number="659" hits="1"/><line number="661" hits="2"/><line number="662" hits="1"/><line number="663" hits="1"/><line number="667" hits="1"/><line number="668" hits="2"/><line number="671" hits="2"/><line number="672" hits="1"/><line number="676" hits="1"/><line number="677" hits="1"/><line number="680" hits="1"/><line number="681" hits="4"/><line number="682" hits="2"/><line number="686" hits="2"/><line number="692" hits="2"/><line number="695" hits="0"/><line number="700" hits="1"/><line number="701" hits="1"/><line number="702" hits="3"/><line number="703" hits="2"/><line number="707" hits="1"/><line number="710" hits="1"/><line number="717" hits="2"/><line number="718" hits="2"/><line number="721" hits="2"/><line number="725" hits="1"/><line number="726" hits="1"/><line number="727" hits="3"/><line number="728" hits="0"/><line number="732" hits="1"/><line number="735" hits="1"/><line number="742" hits="2"/><line number="743" hits="2"/><line number="746" hits="2"/><line number="750" hits="1"/><line number="752" hits="1"/><line number="754" hits="1"/><line number="755" hits="1"/><line number="756" hits="1"/><line number="757" hits="2"/><line number="762" hits="2"/><line number="763" hits="2"/><line number="766" hits="2"/><line number="770" hits="1"/><line number="772" hits="1"/><line number="773" hits="1"/><line number="774" hits="1"/><line number="775" hits="1"/><line number="781" hits="2"/><line number="782" hits="2"/><line number="785" hits="2"/><line number="789" hits="0"/><line number="790" hits="0"/><line number="794" hits="1"/><line number="795" hits="1"/><line number="796" hits="2"/><line number="800" hits="1"/><line number="801" hits="1"/><line number="802" hits="2"/><line number="806" hits="0"/><line number="812" hits="0"/><line number="814" hits="0"/><line number="815" hits="0"/><line number="817" hits="0"/><line number="820" hits="0"/><line number="821" hits="0"/><line number="825" hits="0"/><line number="826" hits="0"/><line number="827" hits="0"/><line number="828" hits="0"/><line number="832" hits="0"/><line number="833" hits="0"/><line number="834" hits="0"/><line number="835" hits="0"/><line number="839" hits="0"/><line number="840" hits="0"/><line number="841" hits="0"/><line number="843" hits="0"/><line number="844" hits="0"/><line number="846" hits="0"/><line number="847" hits="0"/><line number="851" hits="0"/><line number="858" hits="0"/><line number="863" hits="0"/><line number="864" hits="0"/><line number="892" hits="0"/><line number="895" hits="0"/><line number="900" hits="0"/><line number="901" hits="0"/><line number="905" hits="0"/><line number="906" hits="0"/><line number="907" hits="0"/><line number="912" hits="0"/><line number="913" hits="0"/><line number="914" hits="0"/><line number="920" hits="0"/><line number="921" hits="0"/><line number="922" hits="0"/></lines></class><class name="tools" filename="harness/src/tools.rs" line-rate="0.6401225114854517" branch-rate="0" complexity="0"><methods/><lines><line number="43" hits="1"/><line number="45" hits="1"/><line number="49" hits="1"/><line number="50" hits="2"/><line number="51" hits="1"/><line number="54" hits="1"/><line number="55" hits="3"/><line number="58" hits="1"/><line number="59" hits="3"/><line number="62" hits="1"/><line number="63" hits="3"/><line number="66" hits="4"/><line number="67" hits="2"/><line number="68" hits="2"/><line number="69" hits="1"/><line number="70" hits="1"/><line number="77" hits="0"/><line number="78" hits="0"/><line number="91" hits="0"/><line number="92" hits="0"/><line number="98" hits="1"/><line number="100" hits="2"/><line number="123" hits="5"/><line number="124" hits="1"/><line number="126" hits="3"/><line number="127" hits="1"/><line number="128" hits="0"/><line number="131" hits="2"/><line number="133" hits="2"/><line number="137" hits="1"/><line number="151" hits="0"/><line number="152" hits="0"/><line number="158" hits="1"/><line number="160" hits="2"/><line number="205" hits="7"/><line number="206" hits="1"/><line number="208" hits="3"/><line number="209" hits="1"/><line number="210" hits="0"/><line number="213" hits="2"/><line number="215" hits="3"/><line number="216" hits="1"/><line number="217" hits="0"/><line number="220" hits="2"/><line number="222" hits="3"/><line number="223" hits="1"/><line number="224" hits="0"/><line number="228" hits="2"/><line number="229" hits="2"/><line number="230" hits="2"/><line number="231" hits="2"/><line number="232" hits="1"/><line number="233" hits="1"/><line number="234" hits="1"/><line number="237" hits="0"/><line number="240" hits="0"/><line number="241" hits="0"/><line number="246" hits="2"/><line number="253" hits="1"/><line number="258" hits="1"/><line number="259" hits="1"/><line number="262" hits="1"/><line number="263" hits="0"/><line number="266" hits="2"/><line number="267" hits="0"/><line number="269" hits="2"/><line number="272" hits="2"/><line number="274" hits="1"/><line number="275" hits="0"/><line number="278" hits="2"/><line number="279" hits="1"/><line number="280" hits="2"/><line number="284" hits="1"/><line number="287" hits="1"/><line number="288" hits="1"/><line number="291" hits="1"/><line number="292" hits="0"/><line number="295" hits="2"/><line number="296" hits="0"/><line number="298" hits="2"/><line number="301" hits="2"/><line number="302" hits="1"/><line number="303" hits="2"/><line number="304" hits="2"/><line number="305" hits="0"/><line number="306" hits="0"/><line number="311" hits="1"/><line number="312" hits="1"/><line number="313" hits="1"/><line number="319" hits="1"/><line number="321" hits="3"/><line number="323" hits="0"/><line number="324" hits="0"/><line number="328" hits="1"/><line number="336" hits="1"/><line number="343" hits="1"/><line number="345" hits="2"/><line number="392" hits="7"/><line number="393" hits="4"/><line number="394" hits="0"/><line number="395" hits="0"/><line number="399" hits="1"/><line number="400" hits="2"/><line number="402" hits="2"/><line number="403" hits="2"/><line number="405" hits="1"/><line number="407" hits="3"/><line number="408" hits="3"/><line number="411" hits="1"/><line number="413" hits="3"/><line number="414" hits="3"/><line number="415" hits="1"/><line number="417" hits="1"/><line number="420" hits="1"/><line number="421" hits="1"/><line number="422" hits="3"/><line number="425" hits="4"/><line number="427" hits="2"/><line number="428" hits="2"/><line number="429" hits="2"/><line number="433" hits="1"/><line number="443" hits="1"/><line number="450" hits="1"/><line number="452" hits="2"/><line number="483" hits="5"/><line number="484" hits="4"/><line number="485" hits="0"/><line number="486" hits="0"/><line number="490" hits="1"/><line number="492" hits="3"/><line number="493" hits="1"/><line number="494" hits="0"/><line number="497" hits="1"/><line number="498" hits="1"/><line number="500" hits="3"/><line number="501" hits="2"/><line number="504" hits="2"/><line number="506" hits="2"/><line number="508" hits="2"/><line number="513" hits="1"/><line number="523" hits="1"/><line number="528" hits="0"/><line number="535" hits="0"/><line number="536" hits="0"/><line number="537" hits="0"/><line number="538" hits="0"/><line number="539" hits="0"/><line number="540" hits="0"/><line number="541" hits="0"/><line number="542" hits="0"/><line number="546" hits="0"/><line number="547" hits="0"/><line number="549" hits="0"/><line number="550" hits="0"/><line number="551" hits="0"/><line number="552" hits="0"/><line number="554" hits="0"/><line number="560" hits="0"/><line number="568" hits="0"/><line number="574" hits="1"/><line number="576" hits="2"/><line number="622" hits="5"/><line number="623" hits="2"/><line number="625" hits="1"/><line number="626" hits="1"/><line number="628" hits="1"/><line number="630" hits="1"/><line number="633" hits="3"/><line number="635" hits="1"/><line number="637" hits="1"/><line number="638" hits="0"/><line number="640" hits="3"/><line number="641" hits="2"/><line number="642" hits="2"/><line number="643" hits="1"/><line number="645" hits="1"/><line number="646" hits="3"/><line number="647" hits="1"/><line number="648" hits="0"/><line number="650" hits="2"/><line number="656" hits="4"/><line number="658" hits="2"/><line number="659" hits="2"/><line number="664" hits="3"/><line number="667" hits="2"/><line number="671" hits="1"/><line number="681" hits="1"/><line number="685" hits="1"/><line number="693" hits="1"/><line number="694" hits="0"/><line number="697" hits="2"/><line number="698" hits="2"/><line number="699" hits="1"/><line number="700" hits="2"/><line number="702" hits="1"/><line number="703" hits="0"/><line number="704" hits="0"/><line number="707" hits="0"/><line number="708" hits="2"/><line number="709" hits="1"/><line number="711" hits="1"/><line number="712" hits="3"/><line number="713" hits="1"/><line number="714" hits="0"/><line number="716" hits="2"/><line number="722" hits="3"/><line number="723" hits="1"/><line number="724" hits="1"/><line number="725" hits="1"/><line number="729" hits="1"/><line number="730" hits="2"/><line number="731" hits="0"/><line number="734" hits="2"/><line number="735" hits="2"/><line number="737" hits="1"/><line number="745" hits="1"/><line number="751" hits="1"/><line number="753" hits="2"/><line number="807" hits="5"/><line number="808" hits="1"/><line number="810" hits="3"/><line number="811" hits="1"/><line number="812" hits="0"/><line number="815" hits="1"/><line number="816" hits="0"/><line number="819" hits="2"/><line number="820" hits="1"/><line number="821" hits="1"/><line number="823" hits="4"/><line number="824" hits="1"/><line number="825" hits="1"/><line number="826" hits="1"/><line number="827" hits="1"/><line number="829" hits="1"/><line number="830" hits="2"/><line number="832" hits="2"/><line number="835" hits="2"/><line number="839" hits="1"/><line number="849" hits="1"/><line number="856" hits="1"/><line number="858" hits="1"/><line number="870" hits="5"/><line number="873" hits="2"/><line number="874" hits="0"/><line number="875" hits="0"/><line number="879" hits="2"/><line number="886" hits="1"/><line number="890" hits="1"/><line number="900" hits="1"/><line number="907" hits="1"/><line number="909" hits="2"/><line number="946" hits="5"/><line number="947" hits="2"/><line number="948" hits="1"/><line number="950" hits="1"/><line number="953" hits="1"/><line number="954" hits="1"/><line number="956" hits="1"/><line number="957" hits="0"/><line number="959" hits="2"/><line number="962" hits="1"/><line number="963" hits="0"/><line number="966" hits="2"/><line number="967" hits="0"/><line number="970" hits="2"/><line number="971" hits="0"/><line number="972" hits="0"/><line number="976" hits="2"/><line number="978" hits="3"/><line number="981" hits="2"/><line number="982" hits="2"/><line number="986" hits="1"/><line number="997" hits="1"/><line number="1010" hits="0"/><line number="1012" hits="0"/><line number="1037" hits="0"/><line number="1038" hits="0"/><line number="1040" hits="0"/><line number="1041" hits="0"/><line number="1042" hits="0"/><line number="1046" hits="0"/><line number="1047" hits="0"/><line number="1048" hits="0"/><line number="1050" hits="0"/><line number="1051" hits="0"/><line number="1054" hits="0"/><line number="1061" hits="1"/><line number="1126" hits="1"/><line number="1127" hits="1"/><line number="1130" hits="1"/><line number="1131" hits="2"/><line number="1132" hits="2"/><line number="1133" hits="1"/><line number="1137" hits="2"/><line number="1138" hits="2"/><line number="1142" hits="2"/><line number="1143" hits="2"/><line number="1144" hits="3"/><line number="1145" hits="4"/><line number="1146" hits="2"/><line number="1147" hits="2"/><line number="1153" hits="2"/><line number="1154" hits="2"/><line number="1155" hits="3"/><line number="1156" hits="2"/><line number="1162" hits="2"/><line number="1163" hits="1"/><line number="1164" hits="1"/><line number="1169" hits="1"/><line number="1170" hits="2"/><line number="1172" hits="2"/><line number="1173" hits="1"/><line number="1174" hits="1"/><line number="1177" hits="2"/><line number="1178" hits="1"/><line number="1179" hits="1"/><line number="1185" hits="3"/><line number="1186" hits="1"/><line number="1190" hits="2"/><line number="1191" hits="2"/><line number="1192" hits="3"/><line number="1193" hits="4"/><line number="1194" hits="2"/><line number="1200" hits="1"/><line number="1201" hits="1"/><line number="1205" hits="2"/><line number="1206" hits="1"/><line number="1207" hits="1"/><line number="1212" hits="1"/><line number="1214" hits="2"/><line number="1215" hits="0"/><line number="1218" hits="2"/><line number="1222" hits="1"/><line number="1224" hits="1"/><line number="1225" hits="3"/><line number="1226" hits="1"/><line number="1228" hits="1"/><line number="1230" hits="1"/><line number="1231" hits="2"/><line number="1232" hits="1"/><line number="1233" hits="3"/><line number="1234" hits="1"/><line number="1235" hits="1"/><line number="1239" hits="1"/><line number="1240" hits="1"/><line number="1241" hits="3"/><line number="1242" hits="1"/><line number="1244" hits="1"/><line number="1247" hits="2"/><line number="1248" hits="1"/><line number="1249" hits="3"/><line number="1250" hits="1"/><line number="1251" hits="1"/><line number="1255" hits="1"/><line number="1256" hits="2"/><line number="1257" hits="1"/><line number="1258" hits="0"/><line number="1260" hits="2"/><line number="1261" hits="0"/><line number="1263" hits="1"/><line number="1266" hits="2"/><line number="1267" hits="2"/><line number="1268" hits="1"/><line number="1269" hits="3"/><line number="1270" hits="1"/><line number="1271" hits="1"/><line number="1275" hits="1"/><line number="1276" hits="3"/><line number="1277" hits="1"/><line number="1279" hits="1"/><line number="1280" hits="1"/><line number="1281" hits="1"/><line number="1287" hits="1"/><line number="1288" hits="1"/><line number="1289" hits="1"/><line number="1291" hits="2"/><line number="1293" hits="2"/><line number="1294" hits="1"/><line number="1296" hits="1"/><line number="1299" hits="2"/><line number="1300" hits="1"/><line number="1301" hits="0"/><line number="1303" hits="1"/><line number="1305" hits="0"/><line number="1308" hits="0"/><line number="1310" hits="0"/><line number="1311" hits="0"/><line number="1314" hits="1"/><line number="1323" hits="1"/><line number="1324" hits="1"/><line number="1329" hits="2"/><line number="1330" hits="1"/><line number="1331" hits="1"/><line number="1333" hits="1"/><line number="1334" hits="0"/><line number="1336" hits="2"/><line number="1337" hits="1"/><line number="1340" hits="2"/><line number="1341" hits="1"/><line number="1345" hits="2"/><line number="1346" hits="1"/><line number="1347" hits="1"/><line number="1349" hits="1"/><line number="1350" hits="0"/><line number="1352" hits="1"/><line number="1353" hits="1"/><line number="1354" hits="1"/><line number="1355" hits="1"/><line number="1356" hits="1"/><line number="1361" hits="1"/><line number="1362" hits="1"/><line number="1363" hits="1"/><line number="1366" hits="1"/><line number="1367" hits="1"/><line number="1368" hits="1"/><line number="1369" hits="1"/><line number="1370" hits="2"/><line number="1371" hits="3"/><line number="1372" hits="1"/><line number="1373" hits="1"/><line number="1376" hits="0"/><line number="1377" hits="0"/><line number="1382" hits="1"/><line number="1383" hits="2"/><line number="1386" hits="0"/><line number="1387" hits="0"/><line number="1388" hits="0"/><line number="1390" hits="0"/><line number="1391" hits="0"/><line number="1393" hits="0"/><line number="1397" hits="1"/><line number="1398" hits="2"/><line number="1399" hits="1"/><line number="1402" hits="2"/><line number="1403" hits="1"/><line number="1404" hits="1"/><line number="1406" hits="3"/><line number="1407" hits="1"/><line number="1408" hits="1"/><line number="1409" hits="2"/><line number="1410" hits="2"/><line number="1411" hits="1"/><line number="1412" hits="3"/><line number="1413" hits="1"/><line number="1415" hits="2"/><line number="1416" hits="2"/><line number="1417" hits="1"/><line number="1421" hits="1"/><line number="1422" hits="1"/><line number="1428" hits="1"/><line number="1429" hits="2"/><line number="1430" hits="1"/><line number="1433" hits="2"/><line number="1434" hits="1"/><line number="1435" hits="3"/><line number="1436" hits="1"/><line number="1437" hits="3"/><line number="1438" hits="3"/><line number="1439" hits="2"/><line number="1444" hits="1"/><line number="1445" hits="1"/><line number="1446" hits="1"/><line number="1449" hits="2"/><line number="1450" hits="2"/><line number="1451" hits="1"/><line number="1453" hits="1"/><line number="1454" hits="1"/><line number="1456" hits="1"/><line number="1457" hits="0"/><line number="1458" hits="0"/><line number="1464" hits="2"/><line number="1466" hits="1"/><line number="1467" hits="0"/><line number="1468" hits="0"/><line number="1469" hits="0"/><line number="1470" hits="0"/><line number="1471" hits="0"/><line number="1472" hits="0"/><line number="1473" hits="0"/><line number="1474" hits="0"/><line number="1475" hits="0"/><line number="1477" hits="0"/><line number="1479" hits="0"/><line number="1480" hits="0"/><line number="1481" hits="0"/><line number="1482" hits="0"/><line number="1483" hits="0"/><line number="1486" hits="0"/><line number="1488" hits="0"/><line number="1489" hits="0"/><line number="1495" hits="1"/><line number="1499" hits="0"/><line number="1501" hits="0"/><line number="1502" hits="0"/><line number="1503" hits="0"/><line number="1504" hits="0"/><line number="1505" hits="0"/><line number="1509" hits="0"/><line number="1510" hits="0"/><line number="1516" hits="0"/><line number="1517" hits="0"/><line number="1518" hits="0"/><line number="1521" hits="0"/><line number="1526" hits="0"/><line number="1531" hits="0"/><line number="1534" hits="0"/><line number="1535" hits="0"/><line number="1536" hits="0"/><line number="1538" hits="0"/><line number="1540" hits="0"/><line number="1541" hits="0"/><line number="1544" hits="0"/><line number="1547" hits="0"/><line number="1550" hits="0"/><line number="1553" hits="0"/><line number="1555" hits="0"/><line number="1556" hits="0"/><line number="1559" hits="0"/><line number="1563" hits="0"/><line number="1564" hits="0"/><line number="1565" hits="0"/><line number="1570" hits="0"/><line number="1572" hits="0"/><line number="1573" hits="0"/><line number="1574" hits="0"/><line number="1577" hits="0"/><line number="1579" hits="0"/><line number="1581" hits="0"/><line number="1582" hits="0"/><line number="1583" hits="0"/><line number="1587" hits="0"/><line number="1590" hits="0"/><line number="1592" hits="0"/><line number="1594" hits="0"/><line number="1595" hits="0"/><line number="1596" hits="0"/><line number="1597" hits="0"/><line number="1598" hits="0"/><line number="1602" hits="0"/><line number="1603" hits="0"/><line number="1604" hits="0"/><line number="1609" hits="0"/><line number="1610" hits="0"/><line number="1611" hits="0"/><line number="1612" hits="0"/><line number="1615" hits="0"/><line number="1616" hits="0"/><line number="1617" hits="0"/><line number="1618" hits="0"/><line number="1619" hits="0"/><line number="1624" hits="0"/><line number="1625" hits="0"/><line number="1627" hits="0"/><line number="1628" hits="0"/><line number="1629" hits="0"/><line number="1630" hits="0"/><line number="1636" hits="0"/><line number="1637" hits="0"/><line number="1638" hits="0"/><line number="1642" hits="0"/><line number="1646" hits="0"/><line number="1647" hits="0"/><line number="1648" hits="0"/><line number="1654" hits="0"/><line number="1655" hits="0"/><line number="1657" hits="0"/><line number="1658" hits="0"/><line number="1659" hits="0"/><line number="1661" hits="0"/><line number="1662" hits="0"/><line number="1664" hits="0"/><line number="1665" hits="0"/><line number="1666" hits="0"/><line number="1669" hits="0"/><line number="1670" hits="0"/><line number="1671" hits="0"/><line number="1672" hits="0"/><line number="1673" hits="0"/><line number="1674" hits="0"/><line number="1681" hits="0"/><line number="1683" hits="0"/><line number="1684" hits="0"/><line number="1685" hits="0"/><line number="1686" hits="0"/><line number="1690" hits="0"/><line number="1691" hits="0"/><line number="1692" hits="0"/><line number="1698" hits="0"/><line number="1699" hits="0"/><line number="1700" hits="0"/><line number="1703" hits="0"/><line number="1704" hits="0"/><line number="1705" hits="0"/><line number="1707" hits="0"/><line number="1708" hits="0"/><line number="1710" hits="0"/><line number="1712" hits="0"/><line number="1713" hits="0"/><line number="1715" hits="0"/><line number="1718" hits="0"/><line number="1719" hits="0"/><line number="1720" hits="0"/><line number="1721" hits="0"/><line number="1722" hits="0"/><line number="1723" hits="0"/><line number="1725" hits="0"/><line number="1729" hits="0"/><line number="1730" hits="0"/><line number="1731" hits="0"/><line number="1732" hits="0"/><line number="1734" hits="0"/><line number="1736" hits="0"/><line number="1743" hits="0"/><line number="1751" hits="1"/><line number="1758" hits="1"/><line number="1760" hits="2"/><line number="1795" hits="7"/><line number="1796" hits="4"/><line number="1798" hits="1"/><line number="1799" hits="2"/><line number="1802" hits="1"/><line number="1803" hits="1"/><line number="1804" hits="2"/><line number="1810" hits="2"/><line number="1811" hits="7"/><line number="1812" hits="1"/><line number="1813" hits="1"/><line number="1817" hits="2"/><line number="1818" hits="1"/><line number="1819" hits="1"/><line number="1821" hits="2"/><line number="1828" hits="1"/><line number="1829" hits="2"/><line number="1834" hits="1"/><line number="1839" hits="1"/><line number="1840" hits="1"/><line number="1841" hits="2"/><line number="1842" hits="1"/><line number="1843" hits="1"/><line number="1844" hits="1"/><line number="1845" hits="1"/><line number="1846" hits="1"/><line number="1847" hits="1"/><line number="1848" hits="1"/><line number="1849" hits="1"/><line number="1850" hits="1"/><line number="1852" hits="1"/><line number="1858" hits="1"/><line number="1863" hits="1"/><line number="1867" hits="3"/><line number="1868" hits="1"/><line number="1869" hits="2"/><line number="1871" hits="1"/></lines></class><class name="windows" filename="harness/src/windows.rs" line-rate="1" branch-rate="0" complexity="0"><methods/><lines><line number="158" hits="1"/><line number="159" hits="1"/><line number="160" hits="1"/><line number="161" hits="1"/><line number="162" hits="1"/><line number="168" hits="1"/><line number="169" hits="1"/><line number="176" hits="1"/><line number="177" hits="1"/><line number="179" hits="3"/><line number="180" hits="3"/><line number="209" hits="1"/><line number="219" hits="1"/><line number="220" hits="1"/><line number="221" hits="1"/><line number="222" hits="1"/><line number="223" hits="1"/><line number="228" hits="1"/><line number="229" hits="3"/><line number="242" hits="1"/><line number="243" hits="3"/><line number="244" hits="1"/><line number="245" hits="1"/><line number="246" hits="4"/><line number="247" hits="1"/><line number="248" hits="1"/><line number="249" hits="1"/><line number="250" hits="1"/><line number="251" hits="1"/><line number="287" hits="2"/><line number="289" hits="2"/><line number="291" hits="2"/><line number="295" hits="1"/><line number="296" hits="1"/><line number="297" hits="3"/><line number="303" hits="1"/><line number="304" hits="1"/><line number="305" hits="2"/><line number="306" hits="2"/><line number="308" hits="5"/><line number="309" hits="4"/><line number="310" hits="1"/><line number="311" hits="2"/><line number="313" hits="1"/><line number="314" hits="3"/><line number="315" hits="5"/><line number="316" hits="4"/><line number="317" hits="1"/><line number="318" hits="1"/><line number="319" hits="1"/><line number="321" hits="1"/><line number="323" hits="2"/><line number="324" hits="2"/><line number="325" hits="1"/><line number="326" hits="1"/><line number="327" hits="1"/><line number="329" hits="1"/><line number="332" hits="2"/><line number="333" hits="1"/><line number="334" hits="1"/><line number="339" hits="4"/><line number="342" hits="2"/><line number="343" hits="1"/><line number="344" hits="1"/><line number="345" hits="3"/><line number="348" hits="3"/><line number="351" hits="2"/><line number="352" hits="2"/><line number="353" hits="1"/><line number="354" hits="1"/><line number="356" hits="1"/><line number="361" hits="1"/><line number="362" hits="1"/><line number="364" hits="1"/><line number="367" hits="1"/><line number="373" hits="1"/><line number="374" hits="1"/><line number="376" hits="3"/><line number="377" hits="3"/><line number="378" hits="3"/><line number="383" hits="1"/><line number="384" hits="1"/><line number="388" hits="1"/><line number="389" hits="1"/><line number="393" hits="1"/><line number="394" hits="1"/><line number="398" hits="1"/><line number="399" hits="1"/><line number="403" hits="1"/><line number="404" hits="1"/><line number="407" hits="3"/><line number="408" hits="3"/><line number="413" hits="1"/><line number="414" hits="1"/><line number="418" hits="1"/><line number="419" hits="1"/><line number="422" hits="1"/><line number="423" hits="1"/><line number="427" hits="1"/><line number="428" hits="1"/><line number="429" hits="1"/><line number="430" hits="1"/><line number="435" hits="1"/><line number="436" hits="1"/><line number="437" hits="1"/><line number="439" hits="1"/><line number="440" hits="1"/><line number="441" hits="3"/><line number="442" hits="3"/><line number="443" hits="3"/><line number="444" hits="3"/><line number="460" hits="1"/><line number="461" hits="1"/><line number="484" hits="1"/><line number="485" hits="1"/><line number="486" hits="1"/><line number="487" hits="4"/><line number="488" hits="3"/><line number="489" hits="2"/><line number="490" hits="1"/><line number="492" hits="2"/><line number="494" hits="1"/><line number="495" hits="1"/><line number="496" hits="1"/><line number="501" hits="1"/><line number="502" hits="4"/><line number="503" hits="1"/><line number="504" hits="1"/><line number="506" hits="2"/><line number="510" hits="1"/><line number="511" hits="1"/><line number="515" hits="1"/><line number="516" hits="1"/><line number="520" hits="1"/><line number="521" hits="1"/><line number="522" hits="3"/><line number="526" hits="1"/><line number="527" hits="1"/><line number="530" hits="1"/><line number="531" hits="1"/><line number="532" hits="3"/><line number="550" hits="1"/><line number="551" hits="1"/><line number="552" hits="3"/><line number="572" hits="1"/><line number="573" hits="1"/><line number="574" hits="1"/><line number="575" hits="1"/><line number="577" hits="1"/><line number="580" hits="3"/><line number="581" hits="3"/><line number="582" hits="2"/><line number="583" hits="1"/><line number="585" hits="1"/><line number="587" hits="3"/><line number="588" hits="1"/><line number="589" hits="1"/><line number="612" hits="1"/><line number="618" hits="1"/><line number="619" hits="1"/><line number="620" hits="1"/><line number="623" hits="1"/><line number="625" hits="1"/><line number="627" hits="2"/><line number="628" hits="1"/><line number="635" hits="1"/><line number="636" hits="1"/></lines></class><class name="workspace" filename="harness/src/workspace.rs" line-rate="0.773109243697479" branch-rate="0" complexity="0"><methods/><lines><line number="31" hits="1"/><line number="32" hits="1"/><line number="33" hits="1"/><line number="34" hits="1"/><line number="35" hits="1"/><line number="36" hits="1"/><line number="44" hits="2"/><line number="46" hits="1"/><line number="58" hits="1"/><line number="59" hits="1"/><line number="60" hits="3"/><line number="61" hits="1"/><line number="64" hits="2"/><line number="68" hits="1"/><line number="69" hits="0"/><line number="70" hits="0"/><line number="72" hits="1"/><line number="73" hits="1"/><line number="74" hits="1"/><line number="75" hits="1"/><line number="81" hits="1"/><line number="92" hits="0"/><line number="94" hits="3"/><line number="103" hits="4"/><line number="114" hits="0"/><line number="115" hits="0"/><line number="116" hits="0"/><line number="117" hits="0"/><line number="118" hits="0"/><line number="120" hits="8"/><line number="121" hits="8"/><line number="122" hits="4"/><line number="123" hits="0"/><line number="124" hits="0"/><line number="125" hits="8"/><line number="126" hits="0"/><line number="129" hits="4"/><line number="130" hits="4"/><line number="131" hits="2"/><line number="134" hits="3"/><line number="135" hits="1"/><line number="136" hits="1"/><line number="137" hits="0"/><line number="138" hits="0"/><line number="139" hits="0"/><line number="140" hits="2"/><line number="145" hits="4"/><line number="146" hits="6"/><line number="147" hits="0"/><line number="148" hits="4"/><line number="152" hits="2"/><line number="157" hits="2"/><line number="158" hits="2"/><line number="159" hits="2"/><line number="163" hits="4"/><line number="164" hits="1"/><line number="165" hits="1"/><line number="166" hits="1"/><line number="167" hits="1"/><line number="171" hits="1"/><line number="172" hits="1"/><line number="173" hits="1"/><line number="174" hits="1"/><line number="175" hits="1"/><line number="176" hits="0"/><line number="180" hits="1"/><line number="181" hits="1"/><line number="182" hits="1"/><line number="184" hits="1"/><line number="185" hits="2"/><line number="186" hits="1"/><line number="190" hits="2"/><line number="193" hits="1"/><line number="194" hits="0"/><line number="195" hits="0"/><line number="197" hits="1"/><line number="198" hits="1"/><line number="203" hits="1"/><line number="204" hits="1"/><line number="206" hits="1"/><line number="207" hits="1"/><line number="211" hits="1"/><line number="215" hits="1"/><line number="216" hits="2"/><line number="217" hits="1"/><line number="219" hits="1"/><line number="220" hits="0"/><line number="221" hits="0"/><line number="223" hits="1"/><line number="226" hits="1"/><line number="227" hits="1"/><line number="228" hits="2"/><line number="229" hits="1"/><line number="231" hits="1"/><line number="232" hits="0"/><line number="233" hits="0"/><line number="235" hits="3"/><line number="238" hits="1"/><line number="239" hits="1"/><line number="241" hits="2"/><line number="242" hits="1"/><line number="244" hits="1"/><line number="245" hits="1"/><line number="248" hits="3"/><line number="249" hits="1"/><line number="261" hits="1"/><line number="262" hits="0"/><line number="263" hits="0"/><line number="266" hits="3"/><line number="267" hits="1"/><line number="269" hits="1"/><line number="270" hits="0"/><line number="271" hits="0"/><line number="274" hits="2"/><line number="275" hits="2"/><line number="276" hits="0"/><line number="278" hits="1"/><line number="284" hits="1"/><line number="285" hits="1"/></lines></class></classes></package><package name="harness/benches" line-rate="0" branch-rate="0" complexity="0"><classes></classes></package><package name="harness/src/eval" line-rate="0.9654008438818565" branch-rate="0" complexity="0"><classes><class name="claude_cli" filename="harness/src/eval/claude_cli.rs" line-rate="1" branch-rate="0" complexity="0"><methods/><lines><line number="80" hits="1"/><line number="81" hits="1"/><line number="89" hits="1"/><line number="91" hits="1"/><line number="92" hits="1"/><line number="99" hits="1"/><line number="101" hits="1"/><line number="105" hits="1"/><line number="106" hits="2"/><line number="107" hits="1"/><line number="110" hits="1"/><line number="111" hits="1"/><line number="112" hits="1"/><line number="115" hits="1"/><line number="120" hits="2"/><line number="121" hits="1"/><line number="124" hits="1"/><line number="125" hits="2"/><line number="126" hits="1"/><line number="129" hits="3"/><line number="130" hits="6"/><line number="131" hits="3"/><line number="137" hits="1"/><line number="138" hits="1"/><line number="139" hits="2"/><line number="140" hits="1"/><line number="141" hits="1"/><line number="142" hits="1"/><line number="143" hits="1"/><line number="144" hits="1"/><line number="145" hits="1"/><line number="146" hits="1"/><line number="147" hits="1"/><line number="148" hits="1"/><line number="149" hits="1"/><line number="150" hits="1"/><line number="151" hits="1"/><line number="153" hits="2"/><line number="154" hits="2"/><line number="155" hits="1"/><line number="157" hits="2"/><line number="158" hits="2"/><line number="159" hits="1"/><line number="161" hits="2"/><line number="162" hits="2"/><line number="163" hits="1"/><line number="165" hits="2"/><line number="166" hits="1"/><line number="176" hits="1"/><line number="181" hits="1"/><line number="182" hits="1"/><line number="183" hits="1"/><line number="184" hits="1"/><line number="185" hits="1"/><line number="186" hits="1"/><line number="188" hits="6"/><line number="190" hits="4"/><line number="191" hits="5"/><line number="193" hits="2"/><line number="194" hits="2"/><line number="199" hits="2"/><line number="200" hits="1"/><line number="201" hits="2"/><line number="202" hits="1"/><line number="203" hits="2"/><line number="206" hits="1"/><line number="207" hits="1"/><line number="208" hits="2"/><line number="209" hits="1"/><line number="278" hits="1"/><line number="279" hits="1"/><line number="280" hits="1"/><line number="281" hits="1"/><line number="283" hits="4"/><line number="286" hits="2"/><lin
[...]
" hits="2"/><line number="461" hits="1"/><line number="462" hits="2"/><line number="463" hits="2"/><line number="464" hits="2"/><line number="466" hits="1"/><line number="467" hits="2"/><line number="468" hits="2"/><line number="469" hits="1"/><line number="470" hits="1"/><line number="472" hits="3"/><line number="473" hits="0"/><line number="475" hits="1"/><line number="476" hits="1"/><line number="477" hits="1"/><line number="478" hits="0"/><line number="479" hits="1"/><line number="480" hits="1"/><line number="481" hits="1"/><line number="482" hits="1"/><line number="486" hits="2"/><line number="487" hits="0"/><line number="490" hits="2"/><line number="492" hits="3"/><line number="493" hits="0"/><line number="495" hits="1"/><line number="498" hits="4"/><line number="499" hits="2"/><line number="501" hits="1"/><line number="504" hits="3"/><line number="505" hits="0"/><line number="507" hits="1"/><line number="510" hits="3"/><line number="511" hits="0"/><line number="513" hits="1"/><line number="516" hits="4"/><line number="517" hits="2"/><line number="518" hits="0"/><line number="519" hits="0"/><line number="523" hits="0"/><line number="524" hits="0"/><line number="525" hits="0"/><line number="526" hits="0"/><line number="530" hits="0"/><line number="531" hits="0"/><line number="533" hits="0"/><line number="538" hits="1"/><line number="539" hits="2"/><line number="540" hits="1"/><line number="546" hits="1"/><line number="547" hits="2"/><line number="548" hits="0"/><line number="549" hits="0"/><line number="550" hits="0"/><line number="551" hits="0"/><line number="553" hits="1"/><line number="554" hits="1"/><line number="556" hits="2"/><line number="557" hits="1"/><line number="574" hits="1"/><line number="576" hits="6"/><line number="577" hits="6"/><line number="578" hits="0"/><line number="579" hits="0"/><line number="580" hits="0"/><line number="581" hits="0"/><line number="582" hits="0"/><line number="583" hits="0"/><line number="584" hits="0"/><line number="585" hits="0"/><line number="586" hits="0"/><line number="587" hits="0"/><line number="592" hits="1"/><line number="600" hits="1"/><line number="602" hits="3"/><line number="603" hits="4"/><line number="604" hits="1"/><line number="605" hits="1"/><line number="606" hits="2"/><line number="607" hits="2"/><line number="608" hits="1"/><line number="609" hits="1"/><line number="610" hits="0"/><line number="611" hits="0"/><line number="612" hits="0"/><line number="613" hits="0"/><line number="614" hits="0"/><line number="617" hits="4"/><line number="619" hits="2"/><line number="620" hits="0"/><line number="621" hits="0"/><line number="631" hits="1"/><line number="632" hits="1"/><line number="633" hits="0"/><line number="636" hits="1"/><line number="637" hits="1"/><line number="638" hits="2"/><line number="640" hits="3"/><line number="642" hits="0"/><line number="648" hits="4"/><line number="649" hits="1"/><line number="650" hits="2"/><line number="654" hits="1"/><line number="655" hits="1"/><line number="656" hits="0"/><line number="658" hits="3"/><line number="659" hits="1"/><line number="661" hits="1"/><line number="662" hits="3"/><line number="663" hits="2"/><line number="664" hits="0"/><line number="665" hits="0"/><line number="666" hits="0"/><line number="667" hits="0"/><line number="668" hits="0"/><line number="674" hits="2"/><line number="675" hits="0"/><line number="677" hits="0"/><line number="678" hits="0"/><line number="679" hits="0"/><line number="680" hits="0"/><line number="681" hits="0"/><line number="682" hits="0"/><line number="683" hits="0"/><line number="685" hits="0"/><line number="688" hits="1"/><line number="693" hits="5"/><line number="694" hits="1"/><line number="695" hits="2"/><line number="696" hits="0"/><line number="697" hits="0"/><line number="701" hits="2"/><line number="704" hits="6"/><line number="705" hits="0"/><line number="706" hits="2"/><line number="707" hits="3"/><line number="708" hits="1"/><line number="711" hits="1"/><line number="714" hits="1"/><line number="715" hits="0"/><line number="716" hits="0"/><line number="720" hits="1"/><line number="721" hits="2"/><line number="723" hits="1"/><line number="725" hits="7"/><line number="726" hits="2"/><line number="727" hits="5"/><line number="729" hits="2"/><line number="730" hits="0"/><line number="731" hits="0"/><line number="735" hits="2"/><line number="737" hits="1"/><line number="738" hits="0"/><line number="742" hits="1"/><line number="747" hits="5"/><line number="748" hits="3"/><line number="751" hits="5"/><line number="752" hits="0"/><line number="753" hits="2"/><line number="754" hits="3"/><line number="755" hits="2"/><line number="757" hits="2"/><line number="759" hits="3"/><line number="763" hits="1"/><line number="764" hits="1"/><line number="765" hits="1"/><line number="769" hits="1"/><line number="770" hits="2"/><line number="772" hits="1"/><line number="774" hits="7"/><line number="775" hits="2"/><line number="776" hits="5"/><line number="778" hits="2"/><line number="779" hits="0"/><line number="780" hits="0"/><line number="782" hits="0"/><line number="785" hits="2"/><line number="787" hits="1"/><line number="788" hits="0"/><line number="789" hits="0"/><line number="791" hits="0"/><line number="794" hits="2"/><line number="795" hits="1"/><line number="796" hits="0"/><line number="798" hits="0"/><line number="799" hits="0"/><line number="801" hits="0"/><line number="805" hits="1"/><line number="811" hits="5"/><line number="812" hits="2"/><line number="815" hits="2"/><line number="816" hits="6"/><line number="817" hits="0"/><line number="818" hits="1"/><line number="819" hits="3"/><line number="820" hits="1"/><line number="824" hits="1"/><line number="825" hits="1"/><line number="826" hits="0"/><line number="827" hits="2"/><line number="831" hits="1"/><line number="832" hits="2"/><line number="834" hits="1"/><line number="836" hits="7"/><line number="837" hits="2"/><line number="838" hits="5"/><line number="840" hits="0"/><line number="841" hits="0"/><line number="842" hits="0"/><line number="844" hits="0"/><line number="847" hits="0"/><line number="849" hits="0"/><line number="850" hits="0"/><line number="851" hits="0"/><line number="853" hits="0"/><line number="856" hits="0"/><line number="857" hits="0"/><line number="858" hits="0"/><line number="860" hits="0"/><line number="861" hits="0"/><line number="863" hits="0"/><line number="867" hits="0"/><line number="873" hits="0"/><line number="875" hits="0"/><line number="876" hits="0"/><line number="877" hits="0"/><line number="879" hits="0"/><line number="880" hits="0"/><line number="882" hits="0"/><line number="883" hits="0"/><line number="886" hits="0"/><line number="892" hits="4"/><line number="893" hits="3"/><line number="894" hits="2"/><line number="895" hits="3"/><line number="896" hits="3"/><line number="898" hits="2"/><line number="905" hits="4"/><line number="906" hits="1"/><line number="907" hits="2"/><line number="908" hits="0"/><line number="909" hits="0"/><line number="917" hits="1"/><line number="925" hits="4"/><line number="928" hits="2"/><line number="930" hits="1"/><line number="931" hits="1"/><line number="934" hits="1"/><line number="936" hits="5"/><line number="937" hits="0"/><line number="938" hits="1"/><line number="939" hits="3"/><line number="940" hits="1"/><line number="942" hits="1"/><line number="943" hits="2"/><line number="946" hits="1"/><line number="955" hits="8"/><line number="956" hits="2"/><line number="958" hits="2"/><line number="959" hits="1"/><line number="960" hits="2"/><line number="963" hits="4"/><line number="964" hits="2"/><line number="967" hits="2"/><line number="968" hits="4"/><line number="969" hits="1"/><line number="972" hits="2"/><line number="979" hits="4"/><line number="980" hits="2"/><line number="981" hits="2"/><line number="982" hits="2"/><line number="984" hits="2"/><line number="985" hits="2"/><line number="986" hits="1"/><line number="989" hits="11"/><line number="990" hits="2"/><line number="993" hits="4"/><line number="994" hits="2"/><line number="997" hits="4"/><line number="998" hits="2"/><line number="999" hits="2"/><line number="1000" hits="2"/><line number="1003" hits="4"/><line number="1004" hits="2"/><line number="1005" hits="4"/><line number="1006" hits="2"/><line number="1008" hits="2"/><line number="1009" hits="3"/><line number="1010" hits="2"/><line number="1013" hits="4"/><line number="1014" hits="2"/><line number="1016" hits="2"/><line number="1017" hits="6"/><line number="1019" hits="1"/><line number="1020" hits="2"/><line number="1022" hits="5"/><line number="1025" hits="2"/><line number="1028" hits="2"/><line number="1033" hits="2"/><line number="1034" hits="2"/><line number="1035" hits="4"/><line number="1036" hits="2"/><line number="1037" hits="4"/><line number="1038" hits="4"/><line number="1039" hits="4"/><line number="1041" hits="2"/><line number="1042" hits="4"/><line number="1043" hits="4"/><line number="1044" hits="2"/><line number="1045" hits="2"/><line number="1047" hits="4"/><line number="1048" hits="3"/><line number="1052" hits="2"/><line number="1057" hits="2"/><line number="1061" hits="4"/><line number="1062" hits="1"/><line number="1063" hits="1"/><line number="1064" hits="1"/><line number="1066" hits="4"/><line number="1067" hits="1"/><line number="1068" hits="2"/><line number="1069" hits="2"/><line number="1070" hits="2"/><line number="1071" hits="1"/><line number="1072" hits="1"/><line number="1074" hits="4"/><line number="1075" hits="1"/><line number="1076" hits="1"/><line number="1078" hits="1"/><line number="1079" hits="2"/><line number="1081" hits="1"/><line number="1089" hits="1"/><line number="1094" hits="2"/><line number="1097" hits="1"/><line number="1098" hits="2"/><line number="1099" hits="0"/><line number="1100" hits="0"/><line number="1103" hits="2"/><line number="1104" hits="2"/><line number="1107" hits="3"/><line number="1108" hits="3"/><line number="1109" hits="0"/><line number="1110" hits="2"/><line number="1111" hits="1"/><line number="1113" hits="5"/><line number="1114" hits="2"/><line number="1115" hits="4"/><line number="1117" hits="2"/><line number="1118" hits="0"/><line number="1121" hits="2"/><line number="1123" hits="2"/><line number="1124" hits="0"/><line number="1125" hits="0"/><line number="1127" hits="3"/><line number="1130" hits="1"/><line number="1131" hits="2"/><line number="1132" hits="1"/><line number="1134" hits="2"/><line number="1135" hits="3"/><line number="1136" hits="0"/><line number="1139" hits="1"/><line number="1140" hits="4"/><line number="1142" hits="1"/><line number="1143" hits="1"/><line number="1144" hits="1"/><line number="1147" hits="2"/><line number="1148" hits="3"/><line number="1151" hits="1"/><line number="1152" hits="0"/><line number="1156" hits="2"/><line number="1157" hits="1"/></lines></class><class name="project_detect" filename="harness/src/agent/project_detect.rs" line-rate="0.9751552795031055" branch-rate="0" complexity="0"><methods/><lines><line number="86" hits="1"/><line number="87" hits="1"/><line number="88" hits="2"/><line number="89" hits="1"/><line number="90" hits="1"/><line number="91" hits="1"/><line number="92" hits="1"/><line number="93" hits="1"/><line number="94" hits="1"/><line number="96" hits="1"/><line number="97" hits="3"/><line number="98" hits="1"/><line number="99" hits="1"/><line number="100" hits="2"/><line number="101" hits="1"/><line number="104" hits="1"/><line number="105" hits="2"/><line number="106" hits="1"/><line number="109" hits="1"/><line number="110" hits="2"/><line number="111" hits="2"/><line number="116" hits="1"/><line number="121" hits="1"/><line number="122" hits="1"/><line number="123" hits="3"/><line number="124" hits="1"/><line number="126" hits="3"/><line number="128" hits="2"/><line number="129" hits="1"/><line number="130" hits="1"/><line number="134" hits="2"/><line number="135" hits="1"/><line number="136" hits="1"/><line number="139" hits="2"/><line number="140" hits="2"/><line number="141" hits="2"/><line number="142" hits="3"/><line number="143" hits="4"/><line number="144" hits="2"/><line number="149" hits="1"/><line number="150" hits="2"/><line number="151" hits="1"/><line number="155" hits="1"/><line number="168" hits="1"/><line number="169" hits="1"/><line number="170" hits="3"/><line number="171" hits="1"/><line number="173" hits="3"/><line number="174" hits="0"/><line number="177" hits="2"/><line number="179" hits="1"/><line number="180" hits="4"/><line number="181" hits="2"/><line number="183" hits="2"/><line number="184" hits="0"/><line number="188" hits="3"/><line number="189" hits="2"/><line number="190" hits="2"/><line number="191" hits="3"/><line number="192" hits="1"/><line number="193" hits="1"/><line number="197" hits="1"/><line number="198" hits="1"/><line number="199" hits="1"/><line number="203" hits="2"/><line number="204" hits="5"/><line number="207" hits="2"/><line number="208" hits="1"/><line number="209" hits="1"/><line number="211" hits="1"/><line number="216" hits="1"/><line number="221" hits="1"/><line number="222" hits="1"/><line number="223" hits="3"/><line number="224" hits="1"/><line number="226" hits="3"/><line number="227" hits="0"/><line number="230" hits="2"/><line number="231" hits="4"/><line number="233" hits="1"/><line number="234" hits="2"/><line number="235" hits="1"/><line number="236" hits="3"/><line number="237" hits="3"/><line number="238" hits="1"/><line number="239" hits="0"/><line number="241" hits="2"/><line number="243" hits="2"/><line number="244" hits="1"/><line number="246" hits="2"/><line number="247" hits="1"/><line number="249" hits="2"/><line number="250" hits="1"/><line number="252" hits="2"/><line number="253" hits="1"/><line number="257" hits="1"/><line number="262" hits="1"/><line number="263" hits="1"/><line number="264" hits="3"/><line number="265" hits="1"/><line number="268" hits="2"/><line number="272" hits="2"/><line number="273" hits="2"/><line number="275" hits="2"/><line number="276" hits="1"/><line number="278" hits="2"/><line number="279" hits="1"/><line number="282" hits="1"/><line number="286" hits="1"/><line number="287" hits="1"/><line number="288" hits="3"/><line number="289" hits="1"/><line number="291" hits="2"/><line number="292" hits="2"/><line number="293" hits="2"/><line number="295" hits="2"/><line number="300" hits="1"/><line number="301" hits="1"/><line number="302" hits="2"/><line number="303" hits="3"/><line number="304" hits="1"/><line number="305" hits="1"/><line number="306" hits="1"/><line number="307" hits="1"/><line number="311" hits="2"/><line number="317" hits="1"/><line number="318" hits="1"/><line number="319" hits="2"/><line number="320" hits="1"/><line number="323" hits="1"/><line number="324" hits="3"/><line number="325" hits="3"/><line number="326" hits="2"/><line number="327" hits="1"/><line number="328" hits="2"/><line number="329" hits="3"/><line number="330" hits="1"/><line number="334" hits="2"/><line number="337" hits="1"/><line number="339" hits="1"/><line number="340" hits="1"/><line number="341" hits="1"/><line number="342" hits="3"/><line number="343" hits="1"/><line number="344" hits="3"/><line number="346" hits="2"/><line number="351" hits="3"/><line number="352" hits="3"/><line number="358" hits="1"/><line number="359" hits="3"/><line number="360" hits="4"/><line number="361" hits="1"/><line number="366" hits="1"/><line number="368" hits="2"/><line number="369" hits="1"/><line number="371" hits="2"/><line number="378" hits="2"/><line number="379" hits="1"/><line number="381" hits="2"/><line number="382" hits="1"/><line number="386" hits="1"/></lines></class><class name="project_prompt" filename="harness/src/agent/project_prompt.rs" line-rate="0.8947368421052632" branch-rate="0" complexity="0"><methods/><lines><line number="81" hits="1"/><line number="82" hits="1"/><line number="84" hits="2"/><line number="85" hits="1"/><line number="86" hits="3"/><line number="87" hits="0"/><line number="90" hits="1"/><line number="91" hits="1"/><line number="93" hits="1"/><line number="95" hits="2"/><line number="97" hits="1"/><line number="102" hits="2"/><line number="103" hits="2"/><line number="109" hits="1"/><line number="110" hits="1"/><line number="112" hits="1"/><line number="113" hits="3"/><line number="114" hits="1"/><line number="116" hits="2"/><line number="119" hits="1"/><line number="122" hits="2"/><line number="124" hits="1"/><line number="125" hits="1"/><line number="126" hits="1"/><line number="137" hits="1"/><line number="138" hits="1"/><line number="139" hits="1"/><line number="143" hits="1"/><line number="144" hits="2"/><line number="145" hits="2"/><line number="148" hits="2"/><line number="150" hits="1"/><line number="151" hits="2"/><line number="152" hits="0"/><line number="153" hits="1"/><line number="154" hits="0"/><line number="155" hits="0"/><line number="158" hits="2"/><line number="159" hits="1"/><line number="161" hits="1"/><line number="163" hits="1"/><line number="164" hits="1"/><line number="165" hits="0"/><line number="167" hits="2"/><line number="168" hits="1"/><line number="170" hits="1"/><line number="171" hits="1"/><line number="174" hits="0"/><line number="177" hits="1"/><line number="183" hits="1"/><line number="184" hits="2"/><line number="185" hits="1"/><line number="186" hits="2"/><line number="187" hits="1"/><line number="188" hits="1"/><line number="190" hits="1"/><line number="196" hits="1"/></lines></class><class name="prompts" filename="harness/src/agent/prompts.rs" line-rate="1" branch-rate="0" complexity="0"><methods/><lines><line number="58" hits="1"/><line number="59" hits="1"/><line number="78" hits="1"/><line number="83" hits="1"/><line number="84" hits="1"/><line number="86" hits="1"/><line number="88" hits="1"/><line number="89" hits="1"/><line number="90" hits="1"/><line number="91" hits="1"/><line number="92" hits="3"/><line number="93" hits="1"/><line number="94" hits="1"/><line number="98" hits="2"/><line number="134" hits="1"/><line number="140" hits="1"/><line number="161" hits="1"/><line number="162" hits="1"/><line number="163" hits="2"/><line number="164" hits="1"/><line number="166" hits="3"/><line number="167" hits="1"/><line number="168" hits="2"/><line number="169" hits="1"/><line number="170" hits="2"/><line number="171" hits="1"/><line number="173" hits="1"/><line number="208" hits="1"/><line number="209" hits="1"/><line number="210" hits="1"/><line number="212" hits="1"/><line number="215" hits="2"/><line number="235" hits="1"/><line number="236" hits="1"/><line number="239" hits="3"/><line number="240" hits="2"/><line number="243" hits="3"/><line number="244" hits="1"/><line number="245" hits="2"/><line number="246" hits="1"/><line number="247" hits="2"/><line number="248" hits="1"/><line number="250" hits="1"/></lines></class><class name="rag" filename="harness/src/agent/rag.rs" line-rate="1" branch-rate="0" complexity="0"><methods/><lines><line number="40" hits="1"/><line number="46" hits="2"/><line number="51" hits="1"/><line number="52" hits="1"/><line number="56" hits="1"/><line number="57" hits="3"/></lines></class><class name="report" filename="harness/src/agent/report.rs" line-rate="1" branch-rate="0" complexity="0"><methods/><lines><line number="47" hits="1"/><line number="49" hits="1"/><line number="50" hits="1"/><line number="51" hits="1"/><line number="57" hits="1"/><line number="60" hits="1"/><line number="61" hits="1"/><line number="62" hits="1"/><line number="63" hits="1"/><line number="64" hits="2"/><line number="65" hits="1"/><line number="80" hits="1"/><line number="81" hits="1"/><line number="84" hits="1"/><line number="85" hits="1"/><line number="87" hits="1"/><line number="90" hits="1"/><line number="91" hits="1"/><line number="92" hits="4"/></lines></class></classes></package><package name="evals/cases/happy-path-003/repo/src" line-rate="0" branch-rate="0" complexity="0"><classes></classes></package></packages></coverage>